COMPLETE chunks=24
PASS count=23380 sha256=120970ae29eb2d2217290e5f92b22f4a0bfa686aae1c07d483ac9b21bbf4b554
minimum_graph6=I??E@{}~?
minimum_slack_80d=7.3537504878785639543685616273993134215422093107615074327949780915441684203407840
worker_exact_charpoly_sha256=434211789348537f4226ee3c7a2fa09e38143edad5dd8d0287f874581339f69e
PASS count=23379 sha256=01b52b8b7f3f3dc1317b73fbbb0ff0ced912c6beeb4bdfe241f1d30a8e24eace
minimum_graph6=I?AEFo}^?
minimum_slack_80d=7.1476256105583998780846187193792942446337323677430487475037806728841821544805256
worker_exact_charpoly_sha256=ca5101be24f0b322bb5ade55c6d87b08c76049cd1f880f61490c6dc750827920
PASS count=23380 sha256=8f9461bf278b2d25a467de539493de2359a9c5aeefd6ec0ff5fb19f59140b4c3
minimum_graph6=I?ABFrw^?
minimum_slack_80d=7.5588375563486418898380096523514357265716142840520681427864260998487277186782578
worker_exact_charpoly_sha256=00584f94c8a19d0c10bfda7bee98d72e07edceccfc64b1b3f0f18b7c021b38ca
PASS count=23379 sha256=8cff2e96f74fa343d319516bacdd1be6856d32d8ce3d24dcfa3a05baa709ac4c
minimum_graph6=I?AF?~w^?
minimum_slack_80d=7.0832532028941632856807955960275577999224974634693869610344523883458024160669272
worker_exact_charpoly_sha256=9d9cb426da2948569b42b3394ff53c259b6a5d591a4394d3778f0ff50369eb7b
PASS count=23380 sha256=432f444fad812ed496537016eef65b4e250bf7d87e90690535de8c06d04ac2a5
minimum_graph6=I?BEFbwN_
minimum_slack_80d=7.2760401045227321842110243584225945198398408819377732565119947202493621741835950
worker_exact_charpoly_sha256=45891d2d6286c286acd35634acc3c9f81e5e9b8729bd19d04b875115977e50c8
PASS count=23379 sha256=8430c9163bd4eeea1efc4c2f10624b043691308b4ab741f34c89b32301388089
minimum_graph6=I?BD?~w}?
minimum_slack_80d=7.3835792932726645432676023280549118160369048177618871913956526537049935437119836
worker_exact_charpoly_sha256=ec3ad672c107f6a1f2e5b49a18d9c997003683136cad18b8d62d797898d537f8
PASS count=23380 sha256=c96d8464a8faa3e57fb6ad333172bb931b03f685cfa1a5039521a087089e270a
minimum_graph6=I?BFFBwFo
minimum_slack_80d=7.3560238023044651050604079233445572568231923088444963462064570617337134793067511
worker_exact_charpoly_sha256=6048e44c055c0901b3c8c66ea11cd270d79b4834c492c3fe678d1f1c9f2f73de
PASS count=23379 sha256=8f37ac12622b246da4afb9c7004e8f3d4873f5e5ab5ee3e2b5dedad4204ac845
minimum_graph6=I?BD`w{}?
minimum_slack_80d=7.3478742134197011349775425159983865193653729467391821345698298596604327467052107
worker_exact_charpoly_sha256=e5096935fd8f4dc0ae1c075b47ff2eead50c7b6bda5c4022231e2c6b89b5b44e
PASS count=23379 sha256=5498d9366062ea1185b2dd7fddf0f847e5770d551ccfc55441fc724aafef7796
minimum_graph6=I?B@hzI}?
minimum_slack_80d=7.0719768510305428270417273145144958938448407179776422261734270206794368523656473
worker_exact_charpoly_sha256=1bad236b315e1b43de50db97c458bda71ff6515f99c6b9deec28d4007dbd5082
PASS count=23380 sha256=dc9b064b8f982ee23e6106009b463a0233e01d7213b2c11a30cdfc75ed2eafbd
minimum_graph6=I?`DF?^~?
minimum_slack_80d=8.2484365017848158691969479480771243936219471711170300833214111031566686795169705
worker_exact_charpoly_sha256=01e93dcdc50493a876f9a0667d84ec95d40437a2de2c4848e9ffa5bfcf0d602c
PASS count=23379 sha256=89a3353e926ce83bc5b40d6b526adc0faff7edaaf9b71bd0b6c956932d6ecc0f
minimum_graph6=I?`DF_}]_
minimum_slack_80d=7.9697152701252549858457831706914228652695750660826257748125541776002398499234548
worker_exact_charpoly_sha256=61df430f8848d714e8af72abdd225a25566b75e4ed45f3208b6434be60714108
PASS count=23380 sha256=3fa855e2edf57717e624eaf44a3174656865b2bd76ea62bc6eecee74099f5b14
minimum_graph6=I?`DBq{N_
minimum_slack_80d=8.2035865171630050138940837018034213069357832445599678170596672528904100163619549
worker_exact_charpoly_sha256=c85c6480a23337269cb024a17af3f89a343a898df7d9fde809b6d2814f2e9591
PASS count=23379 sha256=4fe1cb7f163d12f127e00e45cfd2ff6f4f4403a55c14cb024407c428c5e3d3f6
minimum_graph6=I?`FBqsN_
minimum_slack_80d=7.2574191916355035481926033248528385026090159091314290621232311934005563652582248
worker_exact_charpoly_sha256=707fd48c82d82afb075033cc9b35b52a25c5a44de3581c31fed14d7b0e0635cc
PASS count=23379 sha256=3320e84496c5bdc62d1034df3cace9995e0c70a8100e9b109228dd10833be248
minimum_graph6=I?`F?|w|?
minimum_slack_80d=7.4659119769170481814609457155176414219515908853673173896568071502875650462847275
worker_exact_charpoly_sha256=fd57efe8c76be69dafed469daf677e3ef7b9c58924fbfc0bd0969e6cc4a51696
PASS count=23380 sha256=54371a360ba3d03291a618996cd42a3c3a6618d59dfed0850617953ef8fc07c0
minimum_graph6=I?`Dbo{}?
minimum_slack_80d=7.7949833650157727528966031359379789776581588281373020933631112921755172568134846
worker_exact_charpoly_sha256=ff512592acd8804ade29bbf22a07327916ea4aabdc2c8aa079358e3129664bc3
PASS count=23379 sha256=568313d8c1b0393346673de4c8dc1ba521f2bd0b4da152da7cb310aca7d6cb03
minimum_graph6=I?`F`xw]?
minimum_slack_80d=7.0973611114494050475369767854411489189803273904105784802189537863119305432963485
worker_exact_charpoly_sha256=d4a596a60a500b45b78fb09d9a909388041703db81ac6bfc373b05a283ad68ec
PASS count=23380 sha256=c1e48a317ed361cb54e2c27a4bbb44e1f87aefd4ca944040505037ed10a54720
minimum_graph6=I?bBF_]^?
minimum_slack_80d=7.4972998669880776256009189586766339533925352547087862909521268300985581651413374
worker_exact_charpoly_sha256=2b53e7f719bc4b40539513ee2cca058db64458c57c2bc3dba766109ceca4787a
PASS count=23379 sha256=6b7715b46018fea2deaad552c52f05671d3e3698f81c5fb44983f6237c802aa1
minimum_graph6=I?b@bro^?
minimum_slack_80d=7.9408975493203796037372605172001090060978554529228505975504584271763376798232527
worker_exact_charpoly_sha256=286b9dd68f5ffb11216e2547be071ad062751a4826c30b2ff4cbfeb309afd292
PASS count=23379 sha256=7e48e22bfb3a97e520786770d65504c00c4c09e52f9940c34bd3b6ded45362b6
minimum_graph6=I?bBV_{]?
minimum_slack_80d=7.1171374381559387242292473503539106716960410779469526658209335780844970560968461
worker_exact_charpoly_sha256=48b0faa4119ec1012501bbbac0a4f375e7033903c3b1b2ef6c7917143dbee271
PASS count=23380 sha256=9bccd98277ff954b85762600c213a146f5da5abafb82cda70f6e4612ec5ebec6
minimum_graph6=I?`achj}?
minimum_slack_80d=8.3286780182433954260578395028000855809377180590726853160620220095790794343167911
worker_exact_charpoly_sha256=e27cd826efc88569e656e494d41db623947d8f500df726b4e536f45630a4034f
PASS count=23379 sha256=2d882d209f6e8645f894680db47388da6fadf406a75fb852a41f8b1a8df59792
minimum_graph6=I?`fBO]}?
minimum_slack_80d=7.7004560249139123996000021317010523955017317952245510898589577066546153095053567
worker_exact_charpoly_sha256=ce03c0925c3006cbfc04c25b7c591d431f9835e15187fe692f062373d9a0907d
PASS count=23380 sha256=14844f101c201b8a10b34db1bcf460206863e01ecb7cdd93f10bbc54868f09db
minimum_graph6=I?`cn`w{?
minimum_slack_80d=7.0970593168603317998201924255502856705825655295900795631205799736290053574397459
worker_exact_charpoly_sha256=5ca06f296cb5d21e948c82186fc886dc6feff39ed0c045e1114b2a3a137d215d
PASS count=23379 sha256=1920097ad5af2e31bd1e93ca83de7392ac50f327e25e3e633e5baad4fc7df3a1
minimum_graph6=I?qbF_]{?
minimum_slack_80d=7.4274360499443600384399894454400096374704756755128340866337004834811310397276332
worker_exact_charpoly_sha256=685d9a3119c560491a984b3a16de6281a578959c85b687ee1d117e1ad41050a6
PASS count=23379 sha256=d36d55e2415463dc09e53500c276c797077fcf0fc867ec9976e93763ddfc0d16
minimum_graph6=I?q`qjo{?
minimum_slack_80d=6.9242077361381927285404716806637992814001351189309953110152793832924637835678758
worker_exact_charpoly_sha256=b3ece3da186e4cefe44e75b8b0d83b53c755163c581f2a593fa8415d9192473f
