COMPLETE chunks=24
PASS count=23380 sha256=120970ae29eb2d2217290e5f92b22f4a0bfa686aae1c07d483ac9b21bbf4b554
minimum_graph6=I??E@{}~?
minimum_exact_lower=200923059997450976929/27322558205992402500
minimum_lower_decimal=7.3537425918406276
PASS count=23379 sha256=01b52b8b7f3f3dc1317b73fbbb0ff0ced912c6beeb4bdfe241f1d30a8e24eace
minimum_graph6=I?AEFo}^?
minimum_exact_lower=88087532139783202686137306/12324036164004165100899025
minimum_lower_decimal=7.1476203873101056
PASS count=23380 sha256=8f9461bf278b2d25a467de539493de2359a9c5aeefd6ec0ff5fb19f59140b4c3
minimum_graph6=I?ABFrw^?
minimum_exact_lower=13446990201186435165222409/1778976497750346791770329
minimum_lower_decimal=7.5588352168739679
PASS count=23379 sha256=8cff2e96f74fa343d319516bacdd1be6856d32d8ce3d24dcfa3a05baa709ac4c
minimum_graph6=I?AF?~w^?
minimum_exact_lower=1204468800539659582623722626737/170044651989190344624991801250
minimum_lower_decimal=7.0832501137185258
PASS count=23380 sha256=432f444fad812ed496537016eef65b4e250bf7d87e90690535de8c06d04ac2a5
minimum_graph6=I?BEFbwN_
minimum_exact_lower=1359625719159679212043825031/186863448369150588332647441
minimum_lower_decimal=7.2760388991309055
PASS count=23379 sha256=8430c9163bd4eeea1efc4c2f10624b043691308b4ab741f34c89b32301388089
minimum_graph6=I?BD?~w}?
minimum_exact_lower=122110637286240/16538138357521
minimum_lower_decimal=7.3835781662032174
PASS count=23380 sha256=c96d8464a8faa3e57fb6ad333172bb931b03f685cfa1a5039521a087089e270a
minimum_graph6=I?BFFBwFo
minimum_exact_lower=2444566256864579/332321779793025
minimum_lower_decimal=7.3560218002777056
PASS count=23379 sha256=8f37ac12622b246da4afb9c7004e8f3d4873f5e5ab5ee3e2b5dedad4204ac845
minimum_graph6=I?BD`w{}?
minimum_exact_lower=3870831391312776600973/526796648044463532096
minimum_lower_decimal=7.3478664028744252
PASS count=23379 sha256=5498d9366062ea1185b2dd7fddf0f847e5770d551ccfc55441fc724aafef7796
minimum_graph6=I?B@hzI}?
minimum_exact_lower=16470666967661525079635281/2329005237712900162617600
minimum_lower_decimal=7.0719750651294531
PASS count=23380 sha256=dc9b064b8f982ee23e6106009b463a0233e01d7213b2c11a30cdfc75ed2eafbd
minimum_graph6=I?`DF?^~?
minimum_exact_lower=58340862305163541915829689/7072962180200809046540100
minimum_lower_decimal=8.2484340816180044
PASS count=23379 sha256=89a3353e926ce83bc5b40d6b526adc0faff7edaaf9b71bd0b6c956932d6ecc0f
minimum_graph6=I?`DF_}]_
minimum_exact_lower=33184038698356443172628469/4163768016733547843145800
minimum_lower_decimal=7.9697136259740837
PASS count=23380 sha256=3fa855e2edf57717e624eaf44a3174656865b2bd76ea62bc6eecee74099f5b14
minimum_graph6=I?`DBq{N_
minimum_exact_lower=89393638031853863040212806/10896898899955778725640625
minimum_lower_decimal=8.2035851532234219
PASS count=23379 sha256=4fe1cb7f163d12f127e00e45cfd2ff6f4f4403a55c14cb024407c428c5e3d3f6
minimum_graph6=I?`FBqsN_
minimum_exact_lower=8054296047911518369/1109801758854264100
minimum_lower_decimal=7.2574187089292446
PASS count=23379 sha256=3320e84496c5bdc62d1034df3cace9995e0c70a8100e9b109228dd10833be248
minimum_graph6=I?`F?|w|?
minimum_exact_lower=428596365147656111340490/57407123221457839472041
minimum_lower_decimal=7.4659091258461432
PASS count=23380 sha256=54371a360ba3d03291a618996cd42a3c3a6618d59dfed0850617953ef8fc07c0
minimum_graph6=I?`Dbo{}?
minimum_exact_lower=1677691064912930659102037/215227082555923822258050
minimum_lower_decimal=7.7949812123527975
PASS count=23379 sha256=568313d8c1b0393346673de4c8dc1ba521f2bd0b4da152da7cb310aca7d6cb03
minimum_graph6=I?`F`xw]?
minimum_exact_lower=450858760629457009/63524869834374025
minimum_lower_decimal=7.0973582756637503
PASS count=23380 sha256=c1e48a317ed361cb54e2c27a4bbb44e1f87aefd4ca944040505037ed10a54720
minimum_graph6=I?bBF_]^?
minimum_exact_lower=1653945133836747216103768559173/220605502465345119102059675904
minimum_lower_decimal=7.4972977344323732
PASS count=23379 sha256=6b7715b46018fea2deaad552c52f05671d3e3698f81c5fb44983f6237c802aa1
minimum_graph6=I?b@bro^?
minimum_exact_lower=12283866634160048217217475257/1546913457880746773206784256
minimum_lower_decimal=7.940888077209439
PASS count=23379 sha256=7e48e22bfb3a97e520786770d65504c00c4c09e52f9940c34bd3b6ded45362b6
minimum_graph6=I?bBV_{]?
minimum_exact_lower=393741730417828226016042/55323076314952036398025
minimum_lower_decimal=7.1171336925711159
PASS count=23380 sha256=9bccd98277ff954b85762600c213a146f5da5abafb82cda70f6e4612ec5ebec6
minimum_graph6=I?`achj}?
minimum_exact_lower=58255478396862555140932009/6994566127098245297000025
minimum_lower_decimal=8.3286764808999418
PASS count=23379 sha256=2d882d209f6e8645f894680db47388da6fadf406a75fb852a41f8b1a8df59792
minimum_graph6=I?`fBO]}?
minimum_exact_lower=20591888588700959483/2674114767056801250
minimum_lower_decimal=7.7004505724206131
PASS count=23380 sha256=14844f101c201b8a10b34db1bcf460206863e01ecb7cdd93f10bbc54868f09db
minimum_graph6=I?`cn`w{?
minimum_exact_lower=13839692920179013274713/1950060961119454430625
minimum_lower_decimal=7.0970565516239974
PASS count=23379 sha256=1920097ad5af2e31bd1e93ca83de7392ac50f327e25e3e633e5baad4fc7df3a1
minimum_graph6=I?qbF_]{?
minimum_exact_lower=37423493190633294233/5038551705203735104
minimum_lower_decimal=7.4274306150283049
PASS count=23379 sha256=d36d55e2415463dc09e53500c276c797077fcf0fc867ec9976e93763ddfc0d16
minimum_graph6=I?q`qjo{?
minimum_exact_lower=17510320956417/2528856896644
minimum_lower_decimal=6.9242039672765303
